<?xml version="1.0" encoding="UTF-8"?>
<!-- Generated by org.testng.reporters.JUnitXMLReporter -->
<testsuite ignored="2" hostname="Arijeet" failures="0" tests="2" name="Test" time="99.715" errors="0" timestamp="2025-06-27T22:56:08 IST">
  <testcase classname="ninzaCRM.CampaignsTests.CreateCampaignTest" name="createCampaign" time="21.652"/>
  <testcase classname="ninzaCRM.ContactsTests.CreateContactTest" name="createContact" time="41.999"/>
  <testcase classname="ninzaCRM.GenericUtilities.BaseClass" name="@AfterSuite asConfig" time="0.0">
    <ignored/>
  </testcase> <!-- @AfterSuite asConfig -->
  <testcase classname="ninzaCRM.GenericUtilities.BaseClass" name="@BeforeSuite bsConfig" time="0.0">
    <ignored/>
  </testcase> <!-- @BeforeSuite bsConfig -->
</testsuite> <!-- Test -->
